<?xml version="1.0" encoding="UTF-8"?>
<!-- Generated by org.testng.reporters.JUnitReportReporter -->
<testsuite hostname="DESKTOP-2V8C14C" failures="0" tests="6" name="Ollion.RestAssuredAssignment.badges_Recipients_GET" time="13.284" errors="0" timestamp="2024-02-07T22:52:02 IST" skipped="0">
  <testcase classname="Ollion.RestAssuredAssignment.badges_Recipients_GET" name="testMissingRequiredParameters" time="2.167"/>
  <system-out>
    <![CDATA[Test Started: testMissingRequiredParameters
testMissingRequiredParameters Response: {
    "error_id": 400,
    "error_message": "site is required",
    "error_name": "bad_parameter"
}
testMissingRequiredParameters Response status code: 400
testMissingRequiredParameters Schema validation successful. 
testMissingRequiredParameters Response status code check successful 
Test Passed: testMissingRequiredParameters]]>
  </system-out>
  <testcase classname="Ollion.RestAssuredAssignment.badges_Recipients_GET" name="testInvalidPageNumber" time="2.396"/>
  <system-out>
    <![CDATA[Test Started: testInvalidPageNumber
testInvalidPageNumber Response: {
    "error_id": 400,
    "error_message": "page",
    "error_name": "bad_parameter"
}
testInvalidPageNumber Response status code: 400
testInvalidPageNumber Response status code check successful 
Test Passed: testInvalidPageNumber]]>
  </system-out>
  <testcase classname="Ollion.RestAssuredAssignment.badges_Recipients_GET" name="testInvalidAuthorizationToken" time="1.628"/>
  <system-out>
    <![CDATA[Test Started: testInvalidAuthorizationToken

testInvalidAuthorizationToken Response: 
{
    "items": [
        {
            "user": {
                "account_id": 30477327,
                "reputation": 1,
                "user_id": 23355770,
                "user_type": "registered",
                "profile_image": "https://www.gravatar.com/avatar/9727db3177e315fbf069e241514d4e05?s=256&d=identicon&r=PG&f=y&so-version=2",
                "display_name": "user23355770",
                "link": "https://stackoverflow.com/users/23355770/user23355770"
            },
            "badge_type": "named",
            "rank": "bronze",
            "badge_id": 2600,
            "link": "https://stackoverflow.com/badges/2600/informed",
            "name": "Informed"
        },
        {
            "user": {
                "account_id": 30479628,
                "reputation": 1,
                "user_id": 23357464,
                "user_type": "registered",
                "profile_image": "https://lh3.googleusercontent.com/a/ACg8ocJXr4CgwgjOncuHYIx-Ydj6AUfL2xqHnYA6by9pJ51MQ4M=k-s256",
                "display_name": "Mike Hidro",
                "link": "https://stackoverflow.com/users/23357464/mike-hidro"
            },
            "badge_type": "named",
            "rank": "bronze",
            "badge_id": 2600,
            "link": "https://stackoverflow.com/badges/2600/informed",
            "name": "Informed"
        }
    ],
    "has_more": true,
    "quota_max": 300,
    "quota_remaining": 280
}
testInvalidAuthorizationToken Response status code: 
200
testInvalidAuthorizationToken Response status code check successful 

Test Passed: testInvalidAuthorizationToken]]>
  </system-out>
  <testcase classname="Ollion.RestAssuredAssignment.badges_Recipients_GET" name="testInvalidDateFormat" time="2.639"/>
  <system-out>
    <![CDATA[Test Started: testInvalidDateFormat
testInvalidDateFormat Response: {
    "items": [
        
    ],
    "has_more": false,
    "quota_max": 300,
    "quota_remaining": 279
}
testInvalidDateFormat Response status code: 200
testInvalidDateFormat Response status code check successful 
Test Passed: testInvalidDateFormat]]>
  </system-out>
  <testcase classname="Ollion.RestAssuredAssignment.badges_Recipients_GET" name="testValidRequest" time="1.900"/>
  <system-out>
    <![CDATA[Test Started: testValidRequest
testValidRequest Response: {
    "items": [
        {
            "user": {
                "account_id": 30477327,
                "reputation": 1,
                "user_id": 23355770,
                "user_type": "registered",
                "profile_image": "https://www.gravatar.com/avatar/9727db3177e315fbf069e241514d4e05?s=256&d=identicon&r=PG&f=y&so-version=2",
                "display_name": "user23355770",
                "link": "https://stackoverflow.com/users/23355770/user23355770"
            },
            "badge_type": "named",
            "rank": "bronze",
            "badge_id": 2600,
            "link": "https://stackoverflow.com/badges/2600/informed",
            "name": "Informed"
        },
        {
            "user": {
                "account_id": 30479628,
                "reputation": 1,
                "user_id": 23357464,
                "user_type": "registered",
                "profile_image": "https://lh3.googleusercontent.com/a/ACg8ocJXr4CgwgjOncuHYIx-Ydj6AUfL2xqHnYA6by9pJ51MQ4M=k-s256",
                "display_name": "Mike Hidro",
                "link": "https://stackoverflow.com/users/23357464/mike-hidro"
            },
            "badge_type": "named",
            "rank": "bronze",
            "badge_id": 2600,
            "link": "https://stackoverflow.com/badges/2600/informed",
            "name": "Informed"
        }
    ],
    "has_more": true,
    "quota_max": 300,
    "quota_remaining": 275
}
testValidRequest Response status code: 200
testValidRequest Schema validation successful. Json structure, required fields and field types are validated with this. 
testValidRequest Response status code check successful 
Test Passed: testValidRequest]]>
  </system-out>
  <testcase classname="Ollion.RestAssuredAssignment.badges_Recipients_GET" name="testInvalidPageSize" time="2.554"/>
  <system-out>
    <![CDATA[Test Started: testInvalidPageSize
testInvalidPageSize Response: {
    "items": [
        
    ],
    "has_more": true,
    "quota_max": 300,
    "quota_remaining": 277
}
testInvalidPageSize Response status code: 200
testInvalidPageSize Response status code check successful 
Test Passed: testInvalidPageSize]]>
  </system-out>
</testsuite> <!-- Ollion.RestAssuredAssignment.badges_Recipients_GET -->
