<?xml version="1.0" encoding="UTF-8"?>
<!-- Generated by org.testng.reporters.JUnitReportReporter -->
<testsuite hostname="DESKTOP-2V8C14C" failures="0" tests="9" name="Ollion.RestAssuredAssignment.badges_tags_GET" time="14.047" errors="0" timestamp="2024-02-08T09:34:11 IST" skipped="0">
  <testcase classname="Ollion.RestAssuredAssignment.badges_tags_GET" name="testInvalidDateFormat" time="1.505"/>
  <system-out>
    <![CDATA[Test Started: testInvalidDateFormat
testInvalidDateFormat Response: {
    "items": [
        {
            "badge_type": "tag_based",
            "award_count": 1,
            "rank": "bronze",
            "badge_id": 8488,
            "link": "https://stackoverflow.com/badges/8488/gojs",
            "name": "gojs"
        }
    ],
    "has_more": false,
    "quota_max": 300,
    "quota_remaining": 205
}
testInvalidDateFormat Response status code: 200
testInvalidDateFormat Response status code check successful 
Test Passed: testInvalidDateFormat]]>
  </system-out>
  <testcase classname="Ollion.RestAssuredAssignment.badges_tags_GET" name="testInvalidAuthorizationToken" time="1.533"/>
  <system-out>
    <![CDATA[Test Started: testInvalidAuthorizationToken

testInvalidAuthorizationToken Response: 
{
    "items": [
        {
            "badge_type": "tag_based",
            "award_count": 1,
            "rank": "bronze",
            "badge_id": 8488,
            "link": "https://stackoverflow.com/badges/8488/gojs",
            "name": "gojs"
        }
    ],
    "has_more": false,
    "quota_max": 300,
    "quota_remaining": 206
}
testInvalidAuthorizationToken Response status code: 
200
testInvalidAuthorizationToken Response status code check successful 

Test Passed: testInvalidAuthorizationToken]]>
  </system-out>
  <testcase classname="Ollion.RestAssuredAssignment.badges_tags_GET" name="testValidRequest" time="1.765"/>
  <system-out>
    <![CDATA[Test Started: testValidRequest
testValidRequest Response: {
    "items": [
        {
            "badge_type": "tag_based",
            "award_count": 1,
            "rank": "bronze",
            "badge_id": 8488,
            "link": "https://stackoverflow.com/badges/8488/gojs",
            "name": "gojs"
        }
    ],
    "has_more": false,
    "quota_max": 300,
    "quota_remaining": 198
}
testValidRequest Response status code: 200
testValidRequest Schema validation successful. Json structure, required fields and field types are validated with this. 
testValidRequest Response status code check successful 
Test Passed: testValidRequest]]>
  </system-out>
  <testcase classname="Ollion.RestAssuredAssignment.badges_tags_GET" name="testMissingRequiredParameters" time="1.583"/>
  <system-out>
    <![CDATA[Test Started: testMissingRequiredParameters
testMissingRequiredParameters Response: {
    "error_id": 400,
    "error_message": "site is required",
    "error_name": "bad_parameter"
}
testMissingRequiredParameters Response status code: 400
testMissingRequiredParameters Schema validation successful. 
testMissingRequiredParameters Response status code check successful 
Test Passed: testMissingRequiredParameters]]>
  </system-out>
  <testcase classname="Ollion.RestAssuredAssignment.badges_tags_GET" name="testInvalidMinParameter" time="1.323"/>
  <system-out>
    <![CDATA[Test Started: testInvalidMinParameter
testInvalidMinParameter Response: {
    "error_id": 400,
    "error_message": "min",
    "error_name": "bad_parameter"
}
testInvalidMinParameter Response status code: 400
testInvalidMinParameter Response status code check successful 
Test Passed: testInvalidMinParameter]]>
  </system-out>
  <testcase classname="Ollion.RestAssuredAssignment.badges_tags_GET" name="testInvalidPageSize" time="1.518"/>
  <system-out>
    <![CDATA[Test Started: testInvalidPageSize
testInvalidPageSize Response: {
    "items": [
        
    ],
    "has_more": true,
    "quota_max": 300,
    "quota_remaining": 201
}
testInvalidPageSize Response status code: 200
testInvalidPageSize Response status code check successful 
Test Passed: testInvalidPageSize]]>
  </system-out>
  <testcase classname="Ollion.RestAssuredAssignment.badges_tags_GET" name="testInvalidOrderParameter" time="1.683"/>
  <system-out>
    <![CDATA[Test Started: testInvalidOrderParameter
testInvalidOrderParameter Response: {
    "error_id": 400,
    "error_message": "order",
    "error_name": "bad_parameter"
}
testInvalidOrderParameter Response status code: 400
testInvalidOrderParameter Response status code check successful 
Test Passed: testInvalidOrderParameter]]>
  </system-out>
  <testcase classname="Ollion.RestAssuredAssignment.badges_tags_GET" name="testInvalidPageNumber" time="1.591"/>
  <system-out>
    <![CDATA[Test Started: testInvalidPageNumber
testInvalidPageNumber Response: {
    "error_id": 400,
    "error_message": "page",
    "error_name": "bad_parameter"
}
testInvalidPageNumber Response status code: 400
testInvalidPageNumber Response status code check successful 
Test Passed: testInvalidPageNumber]]>
  </system-out>
  <testcase classname="Ollion.RestAssuredAssignment.badges_tags_GET" name="testInvalidSortParameter" time="1.546"/>
  <system-out>
    <![CDATA[Test Started: testInvalidSortParameter
testInvalidSortParameter Response: {
    "error_id": 400,
    "error_message": "sort",
    "error_name": "bad_parameter"
}
testInvalidSortParameter Response status code: 400
testInvalidSortParameter Response status code check successful 
Test Passed: testInvalidSortParameter]]>
  </system-out>
</testsuite> <!-- Ollion.RestAssuredAssignment.badges_tags_GET -->
