<?xml version="1.0" encoding="UTF-8"?>
<!-- Generated by org.testng.reporters.JUnitReportReporter -->
<testsuite hostname="DESKTOP-2V8C14C" failures="0" tests="10" name="Ollion.RestAssuredAssignment.badges_ids_GET" time="42.516" errors="0" timestamp="2024-02-07T22:52:02 IST" skipped="0">
  <testcase classname="Ollion.RestAssuredAssignment.badges_ids_GET" name="testInvalidAuthorizationToken" time="16.050"/>
  <system-out>
    <![CDATA[Test Started: testInvalidAuthorizationToken

testInvalidAuthorizationToken Response: 
{
    "items": [
        {
            "badge_type": "tag_based",
            "award_count": 315,
            "rank": "bronze",
            "badge_id": 928,
            "link": "https://stackoverflow.com/badges/928/go",
            "name": "go"
        }
    ],
    "has_more": false,
    "quota_max": 300,
    "quota_remaining": 299
}
testInvalidAuthorizationToken Response status code: 
200
testInvalidAuthorizationToken Response status code check successful 

Test Passed: testInvalidAuthorizationToken]]>
  </system-out>
  <testcase classname="Ollion.RestAssuredAssignment.badges_ids_GET" name="testInvalidPageNumber" time="2.247"/>
  <system-out>
    <![CDATA[Test Started: testInvalidPageNumber
testInvalidPageNumber Response: {
    "error_id": 400,
    "error_message": "page",
    "error_name": "bad_parameter"
}
testInvalidPageNumber Response status code: 400
testInvalidPageNumber Response status code check successful 
Test Passed: testInvalidPageNumber]]>
  </system-out>
  <testcase classname="Ollion.RestAssuredAssignment.badges_ids_GET" name="testInvalidDateFormat" time="1.985"/>
  <system-out>
    <![CDATA[Test Started: testInvalidDateFormat
testInvalidDateFormat Response: {
    "items": [
        {
            "badge_type": "tag_based",
            "award_count": 315,
            "rank": "bronze",
            "badge_id": 928,
            "link": "https://stackoverflow.com/badges/928/go",
            "name": "go"
        }
    ],
    "has_more": false,
    "quota_max": 300,
    "quota_remaining": 298
}
testInvalidDateFormat Response status code: 200
testInvalidDateFormat Response status code check successful 
Test Passed: testInvalidDateFormat]]>
  </system-out>
  <testcase classname="Ollion.RestAssuredAssignment.badges_ids_GET" name="testInvalidPageSize" time="2.113"/>
  <system-out>
    <![CDATA[Test Started: testInvalidPageSize
testInvalidPageSize Response: {
    "items": [
        
    ],
    "has_more": true,
    "quota_max": 300,
    "quota_remaining": 293
}
testInvalidPageSize Response status code: 200
testInvalidPageSize Response status code check successful 
Test Passed: testInvalidPageSize]]>
  </system-out>
  <testcase classname="Ollion.RestAssuredAssignment.badges_ids_GET" name="testInvalidID" time="2.265"/>
  <system-out>
    <![CDATA[Test Started: testInvalidID
testInvalidID Response: {
    "error_id": 404,
    "error_message": "no method found with this name",
    "error_name": "no_method"
}
testInvalidID Response status code: 400
testInvalidID Response status code check successful 
Test Passed: testInvalidID]]>
  </system-out>
  <testcase classname="Ollion.RestAssuredAssignment.badges_ids_GET" name="testInvalidMinParameter" time="2.091"/>
  <system-out>
    <![CDATA[Test Started: testInvalidMinParameter
testInvalidMinParameter Response: {
    "error_id": 400,
    "error_message": "min",
    "error_name": "bad_parameter"
}
testInvalidMinParameter Response status code: 400
testInvalidMinParameter Response status code check successful 
Test Passed: testInvalidMinParameter]]>
  </system-out>
  <testcase classname="Ollion.RestAssuredAssignment.badges_ids_GET" name="testInvalidSortParameter" time="1.801"/>
  <system-out>
    <![CDATA[Test Started: testInvalidSortParameter
testInvalidSortParameter Response: {
    "error_id": 400,
    "error_message": "sort",
    "error_name": "bad_parameter"
}
testInvalidSortParameter Response status code: 400
testInvalidSortParameter Response status code check successful 
Test Passed: testInvalidSortParameter]]>
  </system-out>
  <testcase classname="Ollion.RestAssuredAssignment.badges_ids_GET" name="testMissingRequiredParameters" time="2.421"/>
  <system-out>
    <![CDATA[Test Started: testMissingRequiredParameters
testMissingRequiredParameters Response: {
    "error_id": 400,
    "error_message": "site is required",
    "error_name": "bad_parameter"
}
testMissingRequiredParameters Response status code: 400
testMissingRequiredParameters Schema validation successful. 
testMissingRequiredParameters Response status code check successful 
Test Passed: testMissingRequiredParameters]]>
  </system-out>
  <testcase classname="Ollion.RestAssuredAssignment.badges_ids_GET" name="testValidRequest" time="9.719"/>
  <system-out>
    <![CDATA[Test Started: testValidRequest
testValidRequest Response: {
    "items": [
        {
            "badge_type": "tag_based",
            "award_count": 315,
            "rank": "bronze",
            "badge_id": 928,
            "link": "https://stackoverflow.com/badges/928/go",
            "name": "go"
        }
    ],
    "has_more": false,
    "quota_max": 300,
    "quota_remaining": 290
}
testValidRequest Response status code: 200
testValidRequest Schema validation successful. Json structure, required fields and field types are validated with this. 
testValidRequest Response status code check successful 
Test Passed: testValidRequest]]>
  </system-out>
  <testcase classname="Ollion.RestAssuredAssignment.badges_ids_GET" name="testInvalidOrderParameter" time="1.824"/>
  <system-out>
    <![CDATA[Test Started: testInvalidOrderParameter
testInvalidOrderParameter Response: {
    "error_id": 400,
    "error_message": "order",
    "error_name": "bad_parameter"
}
testInvalidOrderParameter Response status code: 400
testInvalidOrderParameter Response status code check successful 
Test Passed: testInvalidOrderParameter]]>
  </system-out>
</testsuite> <!-- Ollion.RestAssuredAssignment.badges_ids_GET -->
